<?xml version="1.0" encoding="UTF-8"?>
<testng-results ignored="0" total="0" passed="0" failed="0" skipped="0">
  <reporter-output>
  </reporter-output>
  <suite started-at="2022-09-14T12:48:10 EET" name="Suite" finished-at="2022-09-14T12:48:33 EET" duration-ms="23001">
    <groups>
    </groups>
    <test started-at="2022-09-14T12:48:10 EET" name="Simple Mobile Automation End2End" finished-at="2022-09-14T12:48:33 EET" duration-ms="23001">
      <class name="test_cases.TestBase">
        <test-method is-config="true" signature="prepare()[pri:0, instance:test_cases.TestBase@5d7148e2]" started-at="2022-09-14T12:48:10 EET" name="prepare" finished-at="2022-09-14T12:48:33 EET" duration-ms="22951" status="PASS">
          <reporter-output>
          </reporter-output>
        </test-method> <!-- prepare -->
      </class> <!-- test_cases.TestBase -->
    </test> <!-- Simple Mobile Automation End2End -->
  </suite> <!-- Suite -->
</testng-results>
